This is pdfTeX, Version 3.14159265-2.6-1.40.18 (TeX Live 2017/Debian) (preloaded format=pdflatex 2018.10.15)  17 APR 2019 01:09
entering extended mode
 restricted \write18 enabled.
 %&-line parsing enabled.
**"Exam 2.tex"
(./Exam 2.tex
LaTeX2e <2017-04-15>
Babel <3.18> and hyphenation patterns for 5 language(s) loaded.
(/usr/share/texlive/texmf-dist/tex/latex/base/article.cls
Document Class: article 2014/09/29 v1.4h Standard LaTeX document class
(/usr/share/texlive/texmf-dist/tex/latex/base/size10.clo
File: size10.clo 2014/09/29 v1.4h Standard LaTeX file (size option)
)
\c@part=\count79
\c@section=\count80
\c@subsection=\count81
\c@subsubsection=\count82
\c@paragraph=\count83
\c@subparagraph=\count84
\c@figure=\count85
\c@table=\count86
\abovecaptionskip=\skip41
\belowcaptionskip=\skip42
\bibindent=\dimen102
)
(/usr/share/texlive/texmf-dist/tex/latex/geometry/geometry.sty
Package: geometry 2010/09/12 v5.6 Page Geometry

(/usr/share/texlive/texmf-dist/tex/latex/graphics/keyval.sty
Package: keyval 2014/10/28 v1.15 key=value parser (DPC)
\KV@toks@=\toks14
)
(/usr/share/texlive/texmf-dist/tex/generic/oberdiek/ifpdf.sty
Package: ifpdf 2017/03/15 v3.2 Provides the ifpdf switch
)
(/usr/share/texlive/texmf-dist/tex/generic/oberdiek/ifvtex.sty
Package: ifvtex 2016/05/16 v1.6 Detect VTeX and its facilities (HO)
Package ifvtex Info: VTeX not detected.
)
(/usr/share/texlive/texmf-dist/tex/generic/ifxetex/ifxetex.sty
Package: ifxetex 2010/09/12 v0.6 Provides ifxetex conditional
)
\Gm@cnth=\count87
\Gm@cntv=\count88
\c@Gm@tempcnt=\count89
\Gm@bindingoffset=\dimen103
\Gm@wd@mp=\dimen104
\Gm@odd@mp=\dimen105
\Gm@even@mp=\dimen106
\Gm@layoutwidth=\dimen107
\Gm@layoutheight=\dimen108
\Gm@layouthoffset=\dimen109
\Gm@layoutvoffset=\dimen110
\Gm@dimlist=\toks15
)
(/usr/share/texlive/texmf-dist/tex/latex/amsmath/amsmath.sty
Package: amsmath 2017/09/02 v2.17a AMS math features
\@mathmargin=\skip43

For additional information on amsmath, use the `?' option.
(/usr/share/texlive/texmf-dist/tex/latex/amsmath/amstext.sty
Package: amstext 2000/06/29 v2.01 AMS text

(/usr/share/texlive/texmf-dist/tex/latex/amsmath/amsgen.sty
File: amsgen.sty 1999/11/30 v2.0 generic functions
\@emptytoks=\toks16
\ex@=\dimen111
))
(/usr/share/texlive/texmf-dist/tex/latex/amsmath/amsbsy.sty
Package: amsbsy 1999/11/29 v1.2d Bold Symbols
\pmbraise@=\dimen112
)
(/usr/share/texlive/texmf-dist/tex/latex/amsmath/amsopn.sty
Package: amsopn 2016/03/08 v2.02 operator names
)
\inf@bad=\count90
LaTeX Info: Redefining \frac on input line 213.
\uproot@=\count91
\leftroot@=\count92
LaTeX Info: Redefining \overline on input line 375.
\classnum@=\count93
\DOTSCASE@=\count94
LaTeX Info: Redefining \ldots on input line 472.
LaTeX Info: Redefining \dots on input line 475.
LaTeX Info: Redefining \cdots on input line 596.
\Mathstrutbox@=\box26
\strutbox@=\box27
\big@size=\dimen113
LaTeX Font Info:    Redeclaring font encoding OML on input line 712.
LaTeX Font Info:    Redeclaring font encoding OMS on input line 713.
\macc@depth=\count95
\c@MaxMatrixCols=\count96
\dotsspace@=\muskip10
\c@parentequation=\count97
\dspbrk@lvl=\count98
\tag@help=\toks17
\row@=\count99
\column@=\count100
\maxfields@=\count101
\andhelp@=\toks18
\eqnshift@=\dimen114
\alignsep@=\dimen115
\tagshift@=\dimen116
\tagwidth@=\dimen117
\totwidth@=\dimen118
\lineht@=\dimen119
\@envbody=\toks19
\multlinegap=\skip44
\multlinetaggap=\skip45
\mathdisplay@stack=\toks20
LaTeX Info: Redefining \[ on input line 2817.
LaTeX Info: Redefining \] on input line 2818.
)
(/usr/share/texlive/texmf-dist/tex/latex/amsfonts/amssymb.sty
Package: amssymb 2013/01/14 v3.01 AMS font symbols

(/usr/share/texlive/texmf-dist/tex/latex/amsfonts/amsfonts.sty
Package: amsfonts 2013/01/14 v3.01 Basic AMSFonts support
\symAMSa=\mathgroup4
\symAMSb=\mathgroup5
LaTeX Font Info:    Overwriting math alphabet `\mathfrak' in version `bold'
(Font)                  U/euf/m/n --> U/euf/b/n on input line 106.
))
(/usr/share/texlive/texmf-dist/tex/latex/amscls/amsthm.sty
Package: amsthm 2017/10/31 v2.20.4
\thm@style=\toks21
\thm@bodyfont=\toks22
\thm@headfont=\toks23
\thm@notefont=\toks24
\thm@headpunct=\toks25
\thm@preskip=\skip46
\thm@postskip=\skip47
\thm@headsep=\skip48
\dth@everypar=\toks26
)
(/usr/share/texlive/texmf-dist/tex/latex/graphics/graphicx.sty
Package: graphicx 2017/06/01 v1.1a Enhanced LaTeX Graphics (DPC,SPQR)

(/usr/share/texlive/texmf-dist/tex/latex/graphics/graphics.sty
Package: graphics 2017/06/25 v1.2c Standard LaTeX Graphics (DPC,SPQR)

(/usr/share/texlive/texmf-dist/tex/latex/graphics/trig.sty
Package: trig 2016/01/03 v1.10 sin cos tan (DPC)
)
(/usr/share/texlive/texmf-dist/tex/latex/graphics-cfg/graphics.cfg
File: graphics.cfg 2016/06/04 v1.11 sample graphics configuration
)
Package graphics Info: Driver file: pdftex.def on input line 99.

(/usr/share/texlive/texmf-dist/tex/latex/graphics-def/pdftex.def
File: pdftex.def 2018/01/08 v1.0l Graphics/color driver for pdftex
))
\Gin@req@height=\dimen120
\Gin@req@width=\dimen121
)
(/usr/share/texlive/texmf-dist/tex/latex/fancyhdr/fancyhdr.sty
Package: fancyhdr 2017/06/30 v3.9a Extensive control of page headers and footer
s
\f@nch@headwidth=\skip49
\f@nch@O@elh=\skip50
\f@nch@O@erh=\skip51
\f@nch@O@olh=\skip52
\f@nch@O@orh=\skip53
\f@nch@O@elf=\skip54
\f@nch@O@erf=\skip55
\f@nch@O@olf=\skip56
\f@nch@O@orf=\skip57
)
\c@lem=\count102
 (./Exam 2.aux)
\openout1 = `"Exam 2.aux"'.

LaTeX Font Info:    Checking defaults for OML/cmm/m/it on input line 17.
LaTeX Font Info:    ... okay on input line 17.
LaTeX Font Info:    Checking defaults for T1/cmr/m/n on input line 17.
LaTeX Font Info:    ... okay on input line 17.
LaTeX Font Info:    Checking defaults for OT1/cmr/m/n on input line 17.
LaTeX Font Info:    ... okay on input line 17.
LaTeX Font Info:    Checking defaults for OMS/cmsy/m/n on input line 17.
LaTeX Font Info:    ... okay on input line 17.
LaTeX Font Info:    Checking defaults for OMX/cmex/m/n on input line 17.
LaTeX Font Info:    ... okay on input line 17.
LaTeX Font Info:    Checking defaults for U/cmr/m/n on input line 17.
LaTeX Font Info:    ... okay on input line 17.

*geometry* driver: auto-detecting
*geometry* detected driver: pdftex
*geometry* verbose mode - [ preamble ] result:
* driver: pdftex
* paper: letterpaper
* layout: <same size as paper>
* layoutoffset:(h,v)=(0.0pt,0.0pt)
* modes: 
* h-part:(L,W,R)=(28.45274pt, 557.38951pt, 28.45274pt)
* v-part:(T,H,B)=(56.9055pt, 695.38536pt, 42.67912pt)
* \paperwidth=614.295pt
* \paperheight=794.96999pt
* \textwidth=557.38951pt
* \textheight=695.38536pt
* \oddsidemargin=-43.81725pt
* \evensidemargin=-43.81725pt
* \topmargin=-52.36449pt
* \headheight=12.0pt
* \headsep=25.0pt
* \topskip=10.0pt
* \footskip=30.0pt
* \marginparwidth=65.0pt
* \marginparsep=11.0pt
* \columnsep=10.0pt
* \skip\footins=9.0pt plus 4.0pt minus 2.0pt
* \hoffset=0.0pt
* \voffset=0.0pt
* \mag=1000
* \@twocolumnfalse
* \@twosidefalse
* \@mparswitchfalse
* \@reversemarginfalse
* (1in=72.27pt=25.4mm, 1cm=28.453pt)

(/usr/share/texlive/texmf-dist/tex/context/base/mkii/supp-pdf.mkii
[Loading MPS to PDF converter (version 2006.09.02).]
\scratchcounter=\count103
\scratchdimen=\dimen122
\scratchbox=\box28
\nofMPsegments=\count104
\nofMParguments=\count105
\everyMPshowfont=\toks27
\MPscratchCnt=\count106
\MPscratchDim=\dimen123
\MPnumerator=\count107
\makeMPintoPDFobject=\count108
\everyMPtoPDFconversion=\toks28
) (/usr/share/texlive/texmf-dist/tex/latex/oberdiek/epstopdf-base.sty
Package: epstopdf-base 2016/05/15 v2.6 Base part for package epstopdf

(/usr/share/texlive/texmf-dist/tex/generic/oberdiek/infwarerr.sty
Package: infwarerr 2016/05/16 v1.4 Providing info/warning/error messages (HO)
)
(/usr/share/texlive/texmf-dist/tex/latex/oberdiek/grfext.sty
Package: grfext 2016/05/16 v1.2 Manage graphics extensions (HO)

(/usr/share/texlive/texmf-dist/tex/generic/oberdiek/kvdefinekeys.sty
Package: kvdefinekeys 2016/05/16 v1.4 Define keys (HO)

(/usr/share/texlive/texmf-dist/tex/generic/oberdiek/ltxcmds.sty
Package: ltxcmds 2016/05/16 v1.23 LaTeX kernel commands for general use (HO)
)))
(/usr/share/texlive/texmf-dist/tex/latex/oberdiek/kvoptions.sty
Package: kvoptions 2016/05/16 v3.12 Key value format for package options (HO)

(/usr/share/texlive/texmf-dist/tex/generic/oberdiek/kvsetkeys.sty
Package: kvsetkeys 2016/05/16 v1.17 Key value parser (HO)

(/usr/share/texlive/texmf-dist/tex/generic/oberdiek/etexcmds.sty
Package: etexcmds 2016/05/16 v1.6 Avoid name clashes with e-TeX commands (HO)

(/usr/share/texlive/texmf-dist/tex/generic/oberdiek/ifluatex.sty
Package: ifluatex 2016/05/16 v1.4 Provides the ifluatex switch (HO)
Package ifluatex Info: LuaTeX not detected.
)
Package etexcmds Info: Could not find \expanded.
(etexcmds)             That can mean that you are not using pdfTeX 1.50 or
(etexcmds)             that some package has redefined \expanded.
(etexcmds)             In the latter case, load this package earlier.
)))
(/usr/share/texlive/texmf-dist/tex/generic/oberdiek/pdftexcmds.sty
Package: pdftexcmds 2018/01/21 v0.26 Utility functions of pdfTeX for LuaTeX (HO
)
Package pdftexcmds Info: LuaTeX not detected.
Package pdftexcmds Info: \pdf@primitive is available.
Package pdftexcmds Info: \pdf@ifprimitive is available.
Package pdftexcmds Info: \pdfdraftmode found.
)
Package epstopdf-base Info: Redefining graphics rule for `.eps' on input line 4
38.
Package grfext Info: Graphics extension search list:
(grfext)             [.pdf,.png,.jpg,.mps,.jpeg,.jbig2,.jb2,.PDF,.PNG,.JPG,.JPE
G,.JBIG2,.JB2,.eps]
(grfext)             \AppendGraphicsExtensions on input line 456.

(/usr/share/texlive/texmf-dist/tex/latex/latexconfig/epstopdf-sys.cfg
File: epstopdf-sys.cfg 2010/07/13 v1.3 Configuration of (r)epstopdf for TeX Liv
e
))
LaTeX Font Info:    Try loading font information for U+msa on input line 21.

(/usr/share/texlive/texmf-dist/tex/latex/amsfonts/umsa.fd
File: umsa.fd 2013/01/14 v3.01 AMS symbols A
)
LaTeX Font Info:    Try loading font information for U+msb on input line 21.

(/usr/share/texlive/texmf-dist/tex/latex/amsfonts/umsb.fd
File: umsb.fd 2013/01/14 v3.01 AMS symbols B
)
<prodq.png, id=1, 481.8pt x 481.8pt>
File: prodq.png Graphic file (type png)
<use prodq.png>
Package pdftex.def Info: prodq.png  used on input line 31.
(pdftex.def)             Requested size: 361.3491pt x 361.3491pt.
<prodtukey.png, id=2, 481.8pt x 481.8pt>
File: prodtukey.png Graphic file (type png)
<use prodtukey.png>
Package pdftex.def Info: prodtukey.png  used on input line 50.
(pdftex.def)             Requested size: 361.3491pt x 361.3491pt.
 [1{/var/lib/texmf/fonts/map/pdftex/updmap/pdftex.map}

 <./prodq.png>] [2 <./prodtukey.png>]
<inspec.png, id=19, 481.8pt x 481.8pt>
File: inspec.png Graphic file (type png)
<use inspec.png>
Package pdftex.def Info: inspec.png  used on input line 79.
(pdftex.def)             Requested size: 361.3491pt x 361.3491pt.
<outspec.png, id=20, 481.8pt x 481.8pt>
File: outspec.png Graphic file (type png)
<use outspec.png>
Package pdftex.def Info: outspec.png  used on input line 85.
(pdftex.def)             Requested size: 361.3491pt x 361.3491pt.
 [3 <./inspec.png (PNG copy)>]
<12.png, id=25, 481.8pt x 481.8pt>
File: 12.png Graphic file (type png)
<use 12.png>
Package pdftex.def Info: 12.png  used on input line 91.
(pdftex.def)             Requested size: 337.25769pt x 337.25769pt.
<16.png, id=26, 481.8pt x 481.8pt>
File: 16.png Graphic file (type png)
<use 16.png>
Package pdftex.def Info: 16.png  used on input line 92.
(pdftex.def)             Requested size: 337.25769pt x 337.25769pt.
 [4 <./outspec.png (PNG copy)>] [5 <./12.png> <./16.png>]
<moodhist.png, id=35, 481.8pt x 481.8pt>
File: moodhist.png Graphic file (type png)
<use moodhist.png>
Package pdftex.def Info: moodhist.png  used on input line 107.
(pdftex.def)             Requested size: 158.99448pt x 158.99448pt.
<psychhist.png, id=36, 481.8pt x 481.8pt>
File: psychhist.png Graphic file (type png)
<use psychhist.png>
Package pdftex.def Info: psychhist.png  used on input line 108.
(pdftex.def)             Requested size: 158.99448pt x 158.99448pt.
<antihist.png, id=37, 481.8pt x 481.8pt>
File: antihist.png Graphic file (type png)
<use antihist.png>
Package pdftex.def Info: antihist.png  used on input line 109.
(pdftex.def)             Requested size: 158.99448pt x 158.99448pt.
<moodq.png, id=38, 481.8pt x 481.8pt>
File: moodq.png Graphic file (type png)
<use moodq.png>
Package pdftex.def Info: moodq.png  used on input line 114.
(pdftex.def)             Requested size: 240.8994pt x 240.8994pt.

[6 <./moodhist.png> <./psychhist.png> <./antihist.png> <./moodq.png>]
<psychq.png, id=47, 481.8pt x 481.8pt>
File: psychq.png Graphic file (type png)
<use psychq.png>
Package pdftex.def Info: psychq.png  used on input line 119.
(pdftex.def)             Requested size: 240.8994pt x 240.8994pt.
<antiq.png, id=48, 481.8pt x 481.8pt>
File: antiq.png Graphic file (type png)
<use antiq.png>
Package pdftex.def Info: antiq.png  used on input line 124.
(pdftex.def)             Requested size: 240.8994pt x 240.8994pt.
<originalchi.png, id=49, 481.8pt x 481.8pt>
File: originalchi.png Graphic file (type png)
<use originalchi.png>
Package pdftex.def Info: originalchi.png  used on input line 128.
(pdftex.def)             Requested size: 385.4405pt x 385.4405pt.
 [7 <./psychq.png> <./antiq.png>]
<newchi.png, id=56, 481.8pt x 481.8pt>
File: newchi.png Graphic file (type png)
<use newchi.png>
Package pdftex.def Info: newchi.png  used on input line 132.
(pdftex.def)             Requested size: 385.4405pt x 385.4405pt.
 [8 <./originalchi.png (PNG copy)>]
<newmoodq.png, id=60, 481.8pt x 481.8pt>
File: newmoodq.png Graphic file (type png)
<use newmoodq.png>
Package pdftex.def Info: newmoodq.png  used on input line 136.
(pdftex.def)             Requested size: 158.99448pt x 158.99448pt.
<newpsychq.png, id=61, 481.8pt x 481.8pt>
File: newpsychq.png Graphic file (type png)
<use newpsychq.png>
Package pdftex.def Info: newpsychq.png  used on input line 137.
(pdftex.def)             Requested size: 158.99448pt x 158.99448pt.
<newantiq.png, id=62, 481.8pt x 481.8pt>
File: newantiq.png Graphic file (type png)
<use newantiq.png>
Package pdftex.def Info: newantiq.png  used on input line 138.
(pdftex.def)             Requested size: 158.99448pt x 158.99448pt.
<scalepq.png, id=63, 481.8pt x 481.8pt>
File: scalepq.png Graphic file (type png)
<use scalepq.png>
Package pdftex.def Info: scalepq.png  used on input line 147.
(pdftex.def)             Requested size: 240.8994pt x 240.8994pt.
<scaleaq.png, id=64, 481.8pt x 481.8pt>
File: scaleaq.png Graphic file (type png)
<use scaleaq.png>
Package pdftex.def Info: scaleaq.png  used on input line 148.
(pdftex.def)             Requested size: 240.8994pt x 240.8994pt.
 [9 <./newchi.png (PNG copy)> <./newmoodq.png> <./newpsychq.png> <./newantiq.pn
g>]
<bestchi.png, id=72, 481.8pt x 481.8pt>
File: bestchi.png Graphic file (type png)
<use bestchi.png>
Package pdftex.def Info: bestchi.png  used on input line 158.
(pdftex.def)             Requested size: 361.3491pt x 361.3491pt.
 [10 <./scalepq.png> <./scaleaq.png>] [11 <./bestchi.png (PNG copy)>]
<thist.png, id=82, 481.8pt x 481.8pt>
File: thist.png Graphic file (type png)
<use thist.png>
Package pdftex.def Info: thist.png  used on input line 183.
(pdftex.def)             Requested size: 240.8994pt x 240.8994pt.
<hhist.png, id=83, 481.8pt x 481.8pt>
File: hhist.png Graphic file (type png)
<use hhist.png>
Package pdftex.def Info: hhist.png  used on input line 184.
(pdftex.def)             Requested size: 240.8994pt x 240.8994pt.
<tthmxbar.png, id=84, 481.8pt x 481.8pt>
File: tthmxbar.png Graphic file (type png)
<use tthmxbar.png>
Package pdftex.def Info: tthmxbar.png  used on input line 195.
(pdftex.def)             Requested size: 240.8994pt x 240.8994pt.
<haa5xbar.png, id=85, 481.8pt x 481.8pt>
File: haa5xbar.png Graphic file (type png)
<use haa5xbar.png>
Package pdftex.def Info: haa5xbar.png  used on input line 196.
(pdftex.def)             Requested size: 240.8994pt x 240.8994pt.
 [12 <./thist.png> <./hhist.png> <./tthmxbar.png (PNG copy)> <./haa5xbar.png (P
NG copy)>]
<waterelip.png, id=91, 481.8pt x 481.8pt>
File: waterelip.png Graphic file (type png)
<use waterelip.png>
Package pdftex.def Info: waterelip.png  used on input line 202.
(pdftex.def)             Requested size: 361.3491pt x 361.3491pt.
<watert.png, id=92, 481.8pt x 481.8pt>
File: watert.png Graphic file (type png)
<use watert.png>
Package pdftex.def Info: watert.png  used on input line 207.
(pdftex.def)             Requested size: 361.3491pt x 361.3491pt.
 [13 <./waterelip.png>] [14 <./watert.png (PNG copy)>] (./Exam 2.aux) ) 
Here is how much of TeX's memory you used:
 3127 strings out of 494880
 41714 string characters out of 6179600
 104788 words of memory out of 5000000
 6386 multiletter control sequences out of 15000+600000
 6266 words of font info for 25 fonts, out of 8000000 for 9000
 36 hyphenation exceptions out of 8191
 41i,14n,43p,557b,329s stack positions out of 5000i,500n,10000p,200000b,80000s
</usr/sh
are/texlive/texmf-dist/fonts/type1/public/amsfonts/cm/cmbx10.pfb></usr/share/te
xlive/texmf-dist/fonts/type1/public/amsfonts/cm/cmex10.pfb></usr/share/texlive/
texmf-dist/fonts/type1/public/amsfonts/cm/cmmi10.pfb></usr/share/texlive/texmf-
dist/fonts/type1/public/amsfonts/cm/cmmi5.pfb></usr/share/texlive/texmf-dist/fo
nts/type1/public/amsfonts/cm/cmmi7.pfb></usr/share/texlive/texmf-dist/fonts/typ
e1/public/amsfonts/cm/cmr10.pfb></usr/share/texlive/texmf-dist/fonts/type1/publ
ic/amsfonts/cm/cmr5.pfb></usr/share/texlive/texmf-dist/fonts/type1/public/amsfo
nts/cm/cmr7.pfb></usr/share/texlive/texmf-dist/fonts/type1/public/amsfonts/cm/c
msy10.pfb></usr/share/texlive/texmf-dist/fonts/type1/public/amsfonts/cm/cmsy7.p
fb>
Output written on "Exam 2.pdf" (14 pages, 359570 bytes).
PDF statistics:
 134 PDF objects out of 1000 (max. 8388607)
 63 compressed objects within 1 object stream
 0 named destinations out of 1000 (max. 500000)
 131 words of extra memory for PDF output out of 10000 (max. 10000000)

