This is pdfTeX, Version 3.1415926-2.4-1.40.13 (MiKTeX 2.9 64-bit) (preloaded format=pdflatex 2014.5.12)  18 MAR 2019 23:42
entering extended mode
**Chapter*5.tex

("C:\Users\Justin\Desktop\Spring 2019\Multivariate-Stats\Assignment 52\Chapter 
5.tex"
LaTeX2e <2011/06/27>
Babel <v3.8m> and hyphenation patterns for english, afrikaans, ancientgreek, ar
abic, armenian, assamese, basque, bengali, bokmal, bulgarian, catalan, coptic, 
croatian, czech, danish, dutch, esperanto, estonian, farsi, finnish, french, ga
lician, german, german-x-2012-05-30, greek, gujarati, hindi, hungarian, iceland
ic, indonesian, interlingua, irish, italian, kannada, kurmanji, latin, latvian,
 lithuanian, malayalam, marathi, mongolian, mongolianlmc, monogreek, ngerman, n
german-x-2012-05-30, nynorsk, oriya, panjabi, pinyin, polish, portuguese, roman
ian, russian, sanskrit, serbian, slovak, slovenian, spanish, swedish, swissgerm
an, tamil, telugu, turkish, turkmen, ukenglish, ukrainian, uppersorbian, usengl
ishmax, welsh, loaded.
("C:\Program Files\MiKTeX 2.9\tex\latex\base\article.cls"
Document Class: article 2007/10/19 v1.4h Standard LaTeX document class
("C:\Program Files\MiKTeX 2.9\tex\latex\base\size10.clo"
File: size10.clo 2007/10/19 v1.4h Standard LaTeX file (size option)
)
\c@part=\count79
\c@section=\count80
\c@subsection=\count81
\c@subsubsection=\count82
\c@paragraph=\count83
\c@subparagraph=\count84
\c@figure=\count85
\c@table=\count86
\abovecaptionskip=\skip41
\belowcaptionskip=\skip42
\bibindent=\dimen102
)
("C:\Program Files\MiKTeX 2.9\tex\latex\geometry\geometry.sty"
Package: geometry 2010/09/12 v5.6 Page Geometry

("C:\Program Files\MiKTeX 2.9\tex\latex\graphics\keyval.sty"
Package: keyval 1999/03/16 v1.13 key=value parser (DPC)
\KV@toks@=\toks14
)
("C:\Program Files\MiKTeX 2.9\tex\generic\oberdiek\ifpdf.sty"
Package: ifpdf 2011/01/30 v2.3 Provides the ifpdf switch (HO)
Package ifpdf Info: pdfTeX in PDF mode is detected.
)
("C:\Program Files\MiKTeX 2.9\tex\generic\oberdiek\ifvtex.sty"
Package: ifvtex 2010/03/01 v1.5 Detect VTeX and its facilities (HO)
Package ifvtex Info: VTeX not detected.
)
("C:\Program Files\MiKTeX 2.9\tex\generic\ifxetex\ifxetex.sty"
Package: ifxetex 2010/09/12 v0.6 Provides ifxetex conditional
)
\Gm@cnth=\count87
\Gm@cntv=\count88
\c@Gm@tempcnt=\count89
\Gm@bindingoffset=\dimen103
\Gm@wd@mp=\dimen104
\Gm@odd@mp=\dimen105
\Gm@even@mp=\dimen106
\Gm@layoutwidth=\dimen107
\Gm@layoutheight=\dimen108
\Gm@layouthoffset=\dimen109
\Gm@layoutvoffset=\dimen110
\Gm@dimlist=\toks15

("C:\Program Files\MiKTeX 2.9\tex\latex\geometry\geometry.cfg"))
("C:\Program Files\MiKTeX 2.9\tex\latex\amsmath\amsmath.sty"
Package: amsmath 2013/01/14 v2.14 AMS math features
\@mathmargin=\skip43

For additional information on amsmath, use the `?' option.
("C:\Program Files\MiKTeX 2.9\tex\latex\amsmath\amstext.sty"
Package: amstext 2000/06/29 v2.01

("C:\Program Files\MiKTeX 2.9\tex\latex\amsmath\amsgen.sty"
File: amsgen.sty 1999/11/30 v2.0
\@emptytoks=\toks16
\ex@=\dimen111
))
("C:\Program Files\MiKTeX 2.9\tex\latex\amsmath\amsbsy.sty"
Package: amsbsy 1999/11/29 v1.2d
\pmbraise@=\dimen112
)
("C:\Program Files\MiKTeX 2.9\tex\latex\amsmath\amsopn.sty"
Package: amsopn 1999/12/14 v2.01 operator names
)
\inf@bad=\count90
LaTeX Info: Redefining \frac on input line 210.
\uproot@=\count91
\leftroot@=\count92
LaTeX Info: Redefining \overline on input line 306.
\classnum@=\count93
\DOTSCASE@=\count94
LaTeX Info: Redefining \ldots on input line 378.
LaTeX Info: Redefining \dots on input line 381.
LaTeX Info: Redefining \cdots on input line 466.
\Mathstrutbox@=\box26
\strutbox@=\box27
\big@size=\dimen113
LaTeX Font Info:    Redeclaring font encoding OML on input line 566.
LaTeX Font Info:    Redeclaring font encoding OMS on input line 567.
\macc@depth=\count95
\c@MaxMatrixCols=\count96
\dotsspace@=\muskip10
\c@parentequation=\count97
\dspbrk@lvl=\count98
\tag@help=\toks17
\row@=\count99
\column@=\count100
\maxfields@=\count101
\andhelp@=\toks18
\eqnshift@=\dimen114
\alignsep@=\dimen115
\tagshift@=\dimen116
\tagwidth@=\dimen117
\totwidth@=\dimen118
\lineht@=\dimen119
\@envbody=\toks19
\multlinegap=\skip44
\multlinetaggap=\skip45
\mathdisplay@stack=\toks20
LaTeX Info: Redefining \[ on input line 2665.
LaTeX Info: Redefining \] on input line 2666.
)
("C:\Program Files\MiKTeX 2.9\tex\latex\amsfonts\amssymb.sty"
Package: amssymb 2013/01/14 v3.01 AMS font symbols

("C:\Program Files\MiKTeX 2.9\tex\latex\amsfonts\amsfonts.sty"
Package: amsfonts 2013/01/14 v3.01 Basic AMSFonts support
\symAMSa=\mathgroup4
\symAMSb=\mathgroup5
LaTeX Font Info:    Overwriting math alphabet `\mathfrak' in version `bold'
(Font)                  U/euf/m/n --> U/euf/b/n on input line 106.
))
("C:\Program Files\MiKTeX 2.9\tex\latex\amscls\amsthm.sty"
Package: amsthm 2004/08/06 v2.20
\thm@style=\toks21
\thm@bodyfont=\toks22
\thm@headfont=\toks23
\thm@notefont=\toks24
\thm@headpunct=\toks25
\thm@preskip=\skip46
\thm@postskip=\skip47
\thm@headsep=\skip48
\dth@everypar=\toks26
)
("C:\Program Files\MiKTeX 2.9\tex\latex\graphics\graphicx.sty"
Package: graphicx 1999/02/16 v1.0f Enhanced LaTeX Graphics (DPC,SPQR)

("C:\Program Files\MiKTeX 2.9\tex\latex\graphics\graphics.sty"
Package: graphics 2009/02/05 v1.0o Standard LaTeX Graphics (DPC,SPQR)

("C:\Program Files\MiKTeX 2.9\tex\latex\graphics\trig.sty"
Package: trig 1999/03/16 v1.09 sin cos tan (DPC)
)
("C:\Program Files\MiKTeX 2.9\tex\latex\00miktex\graphics.cfg"
File: graphics.cfg 2007/01/18 v1.5 graphics configuration of teTeX/TeXLive
)
Package graphics Info: Driver file: pdftex.def on input line 91.

("C:\Program Files\MiKTeX 2.9\tex\latex\pdftex-def\pdftex.def"
File: pdftex.def 2011/05/27 v0.06d Graphics/color for pdfTeX

("C:\Program Files\MiKTeX 2.9\tex\generic\oberdiek\infwarerr.sty"
Package: infwarerr 2010/04/08 v1.3 Providing info/warning/error messages (HO)
)
("C:\Program Files\MiKTeX 2.9\tex\generic\oberdiek\ltxcmds.sty"
Package: ltxcmds 2011/11/09 v1.22 LaTeX kernel commands for general use (HO)
)
\Gread@gobject=\count102
))
\Gin@req@height=\dimen120
\Gin@req@width=\dimen121
)
("C:\Program Files\MiKTeX 2.9\tex\latex\enumitem\enumitem.sty"
Package: enumitem 2011/09/28 v3.5.2 Customized lists
\labelindent=\skip49
\enit@outerparindent=\dimen122
\enit@toks=\toks27
\enit@inbox=\box28
\enitdp@description=\count103
)
("C:\Program Files\MiKTeX 2.9\tex\latex\fancyhdr\fancyhdr.sty"
\fancy@headwidth=\skip50
\f@ncyO@elh=\skip51
\f@ncyO@erh=\skip52
\f@ncyO@olh=\skip53
\f@ncyO@orh=\skip54
\f@ncyO@elf=\skip55
\f@ncyO@erf=\skip56
\f@ncyO@olf=\skip57
\f@ncyO@orf=\skip58
)
\c@lem=\count104

("C:\Users\Justin\Desktop\Spring 2019\Multivariate-Stats\Assignment 52\Chapter 
5.aux")
LaTeX Font Info:    Checking defaults for OML/cmm/m/it on input line 17.
LaTeX Font Info:    ... okay on input line 17.
LaTeX Font Info:    Checking defaults for T1/cmr/m/n on input line 17.
LaTeX Font Info:    ... okay on input line 17.
LaTeX Font Info:    Checking defaults for OT1/cmr/m/n on input line 17.
LaTeX Font Info:    ... okay on input line 17.
LaTeX Font Info:    Checking defaults for OMS/cmsy/m/n on input line 17.
LaTeX Font Info:    ... okay on input line 17.
LaTeX Font Info:    Checking defaults for OMX/cmex/m/n on input line 17.
LaTeX Font Info:    ... okay on input line 17.
LaTeX Font Info:    Checking defaults for U/cmr/m/n on input line 17.
LaTeX Font Info:    ... okay on input line 17.

*geometry* driver: auto-detecting
*geometry* detected driver: pdftex
*geometry* verbose mode - [ preamble ] result:
* driver: pdftex
* paper: letterpaper
* layout: <same size as paper>
* layoutoffset:(h,v)=(0.0pt,0.0pt)
* modes: 
* h-part:(L,W,R)=(28.45274pt, 557.38951pt, 28.45274pt)
* v-part:(T,H,B)=(56.9055pt, 695.38536pt, 42.67912pt)
* \paperwidth=614.295pt
* \paperheight=794.96999pt
* \textwidth=557.38951pt
* \textheight=695.38536pt
* \oddsidemargin=-43.81725pt
* \evensidemargin=-43.81725pt
* \topmargin=-52.36449pt
* \headheight=12.0pt
* \headsep=25.0pt
* \topskip=10.0pt
* \footskip=30.0pt
* \marginparwidth=65.0pt
* \marginparsep=11.0pt
* \columnsep=10.0pt
* \skip\footins=9.0pt plus 4.0pt minus 2.0pt
* \hoffset=0.0pt
* \voffset=0.0pt
* \mag=1000
* \@twocolumnfalse
* \@twosidefalse
* \@mparswitchfalse
* \@reversemarginfalse
* (1in=72.27pt=25.4mm, 1cm=28.453pt)

("C:\Program Files\MiKTeX 2.9\tex\context\base\supp-pdf.mkii"
[Loading MPS to PDF converter (version 2006.09.02).]
\scratchcounter=\count105
\scratchdimen=\dimen123
\scratchbox=\box29
\nofMPsegments=\count106
\nofMParguments=\count107
\everyMPshowfont=\toks28
\MPscratchCnt=\count108
\MPscratchDim=\dimen124
\MPnumerator=\count109
\makeMPintoPDFobject=\count110
\everyMPtoPDFconversion=\toks29
)
LaTeX Font Info:    Try loading font information for U+msa on input line 21.
 ("C:\Program Files\MiKTeX 2.9\tex\latex\amsfonts\umsa.fd"
File: umsa.fd 2013/01/14 v3.01 AMS symbols A
)
LaTeX Font Info:    Try loading font information for U+msb on input line 21.

("C:\Program Files\MiKTeX 2.9\tex\latex\amsfonts\umsb.fd"
File: umsb.fd 2013/01/14 v3.01 AMS symbols B
) [1{C:/ProgramData/MiKTeX/2.9/pdftex/config/pdftex.map}

] <QQSci.png, id=13, 481.8pt x 481.8pt>
File: QQSci.png Graphic file (type png)

<use QQSci.png>
Package pdftex.def Info: QQSci.png used on input line 113.
(pdftex.def)             Requested size: 158.99448pt x 158.99448pt.
 <QQSoc.png, id=14, 481.8pt x 481.8pt>
File: QQSoc.png Graphic file (type png)
 <use QQSoc.png>
Package pdftex.def Info: QQSoc.png used on input line 114.
(pdftex.def)             Requested size: 158.99448pt x 158.99448pt.

<QQVerb.png, id=15, 481.8pt x 481.8pt>
File: QQVerb.png Graphic file (type png)
 <use QQVerb.png>
Package pdftex.def Info: QQVerb.png used on input line 115.
(pdftex.def)             Requested size: 158.99448pt x 158.99448pt.

<SocialvHistory.png, id=16, 481.8pt x 481.8pt>
File: SocialvHistory.png Graphic file (type png)
 <use SocialvHistory.png>
Package pdftex.def Info: SocialvHistory.png used on input line 120.
(pdftex.def)             Requested size: 158.99448pt x 158.99448pt.

<SocialvScience.png, id=17, 481.8pt x 481.8pt>
File: SocialvScience.png Graphic file (type png)
 <use SocialvScience.png>
Package pdftex.def Info: SocialvScience.png used on input line 121.
(pdftex.def)             Requested size: 158.99448pt x 158.99448pt.

<VerbalvScience.png, id=18, 481.8pt x 481.8pt>
File: VerbalvScience.png Graphic file (type png)
 <use VerbalvScience.png>
Package pdftex.def Info: VerbalvScience.png used on input line 122.
(pdftex.def)             Requested size: 158.99448pt x 158.99448pt.

[2 <C:/Users/Justin/Desktop/Spring 2019/Multivariate-Stats/Assignment 52/QQSci.
png> <C:/Users/Justin/Desktop/Spring 2019/Multivariate-Stats/Assignment 52/QQSo
c.png> <C:/Users/Justin/Desktop/Spring 2019/Multivariate-Stats/Assignment 52/QQ
Verb.png>]
Underfull \hbox (badness 10000) in paragraph at lines 126--128

 []

<QQFuel.png, id=25, 481.8pt x 481.8pt>
File: QQFuel.png Graphic file (type png)
 <use QQFuel.png>
Package pdftex.def Info: QQFuel.png used on input line 130.
(pdftex.def)             Requested size: 158.99448pt x 158.99448pt.

<QQRepair.png, id=26, 481.8pt x 481.8pt>
File: QQRepair.png Graphic file (type png)
 <use QQRepair.png>
Package pdftex.def Info: QQRepair.png used on input line 131.
(pdftex.def)             Requested size: 158.99448pt x 158.99448pt.

<QQCapital.png, id=27, 481.8pt x 481.8pt>
File: QQCapital.png Graphic file (type png)
 <use QQCapital.png>
Package pdftex.def Info: QQCapital.png used on input line 132.
(pdftex.def)             Requested size: 158.99448pt x 158.99448pt.

<FuelvRepair.png, id=28, 481.8pt x 481.8pt>
File: FuelvRepair.png Graphic file (type png)
 <use FuelvRepair.png>
Package pdftex.def Info: FuelvRepair.png used on input line 136.
(pdftex.def)             Requested size: 158.99448pt x 158.99448pt.

<FuelvCapital.png, id=29, 481.8pt x 481.8pt>
File: FuelvCapital.png Graphic file (type png)
 <use FuelvCapital.png>
Package pdftex.def Info: FuelvCapital.png used on input line 137.
(pdftex.def)             Requested size: 158.99448pt x 158.99448pt.

<CapitalvRepair.png, id=30, 481.8pt x 481.8pt>
File: CapitalvRepair.png Graphic file (type png)
 <use CapitalvRepair.png>
Package pdftex.def Info: CapitalvRepair.png used on input line 138.
(pdftex.def)             Requested size: 158.99448pt x 158.99448pt.

<QQFuelOut.png, id=31, 481.8pt x 481.8pt>
File: QQFuelOut.png Graphic file (type png)
 <use QQFuelOut.png>
Package pdftex.def Info: QQFuelOut.png used on input line 142.
(pdftex.def)             Requested size: 158.99448pt x 158.99448pt.

<QQRepairOut.png, id=32, 481.8pt x 481.8pt>
File: QQRepairOut.png Graphic file (type png)
 <use QQRepairOut.png>
Package pdftex.def Info: QQRepairOut.png used on input line 143.
(pdftex.def)             Requested size: 158.99448pt x 158.99448pt.

<QQCapitalOut.png, id=33, 481.8pt x 481.8pt>
File: QQCapitalOut.png Graphic file (type png)
 <use QQCapitalOut.png>
Package pdftex.def Info: QQCapitalOut.png used on input line 144.
(pdftex.def)             Requested size: 158.99448pt x 158.99448pt.
 [3 <C:/Users/Justin/Desktop/Spring 2019/Multivariate-Stats/Assignment 52/Socia
lvHistory.png> <C:/Users/Justin/Desktop/Spring 2019/Multivariate-Stats/Assignme
nt 52/SocialvScience.png> <C:/Users/Justin/Desktop/Spring 2019/Multivariate-Sta
ts/Assignment 52/VerbalvScience.png> <C:/Users/Justin/Desktop/Spring 2019/Multi
variate-Stats/Assignment 52/QQFuel.png> <C:/Users/Justin/Desktop/Spring 2019/Mu
ltivariate-Stats/Assignment 52/QQRepair.png> <C:/Users/Justin/Desktop/Spring 20
19/Multivariate-Stats/Assignment 52/QQCapital.png> <C:/Users/Justin/Desktop/Spr
ing 2019/Multivariate-Stats/Assignment 52/FuelvRepair.png> <C:/Users/Justin/Des
ktop/Spring 2019/Multivariate-Stats/Assignment 52/FuelvCapital.png> <C:/Users/J
ustin/Desktop/Spring 2019/Multivariate-Stats/Assignment 52/CapitalvRepair.png>]

<FuelvRepairOut.png, id=46, 481.8pt x 481.8pt>
File: FuelvRepairOut.png Graphic file (type png)
 <use FuelvRepairOut.png>
Package pdftex.def Info: FuelvRepairOut.png used on input line 148.
(pdftex.def)             Requested size: 158.99448pt x 158.99448pt.

<FuelvCapitalOut.png, id=47, 481.8pt x 481.8pt>
File: FuelvCapitalOut.png Graphic file (type png)
 <use FuelvCapitalOut.png>
Package pdftex.def Info: FuelvCapitalOut.png used on input line 149.
(pdftex.def)             Requested size: 158.99448pt x 158.99448pt.

<CapitalvRepairOut.png, id=48, 481.8pt x 481.8pt>
File: CapitalvRepairOut.png Graphic file (type png)
 <use CapitalvRepairOut.png>
Package pdftex.def Info: CapitalvRepairOut.png used on input line 150.
(pdftex.def)             Requested size: 158.99448pt x 158.99448pt.

<QQMaxB.png, id=49, 481.8pt x 481.8pt>
File: QQMaxB.png Graphic file (type png)
 <use QQMaxB.png>
Package pdftex.def Info: QQMaxB.png used on input line 167.
(pdftex.def)             Requested size: 120.44969pt x 120.44969pt.

<QQBasH.png, id=50, 481.8pt x 481.8pt>
File: QQBasH.png Graphic file (type png)
 <use QQBasH.png>
Package pdftex.def Info: QQBasH.png used on input line 168.
(pdftex.def)             Requested size: 120.44969pt x 120.44969pt.

<QQBasL.png, id=51, 481.8pt x 481.8pt>
File: QQBasL.png Graphic file (type png)
 <use QQBasL.png>
Package pdftex.def Info: QQBasL.png used on input line 169.
(pdftex.def)             Requested size: 120.44969pt x 120.44969pt.

<QQNasH.png, id=52, 481.8pt x 481.8pt>
File: QQNasH.png Graphic file (type png)
 <use QQNasH.png>
Package pdftex.def Info: QQNasH.png used on input line 170.
(pdftex.def)             Requested size: 120.44969pt x 120.44969pt.

<5Chi.png, id=53, 481.8pt x 481.8pt>
File: 5Chi.png Graphic file (type png)
 <use 5Chi.png>
Package pdftex.def Info: 5Chi.png used on input line 174.
(pdftex.def)             Requested size: 481.79881pt x 481.79881pt.
 [4 <C:/Users/Justin/Desktop/Spring 2019/Multivariate-Stats/Assignment 52/QQFue
lOut.png> <C:/Users/Justin/Desktop/Spring 2019/Multivariate-Stats/Assignment 52
/QQRepairOut.png> <C:/Users/Justin/Desktop/Spring 2019/Multivariate-Stats/Assig
nment 52/QQCapitalOut.png> <C:/Users/Justin/Desktop/Spring 2019/Multivariate-St
ats/Assignment 52/FuelvRepairOut.png> <C:/Users/Justin/Desktop/Spring 2019/Mult
ivariate-Stats/Assignment 52/FuelvCapitalOut.png> <C:/Users/Justin/Desktop/Spri
ng 2019/Multivariate-Stats/Assignment 52/CapitalvRepairOut.png> <C:/Users/Justi
n/Desktop/Spring 2019/Multivariate-Stats/Assignment 52/QQMaxB.png> <C:/Users/Ju
stin/Desktop/Spring 2019/Multivariate-Stats/Assignment 52/QQBasH.png> <C:/Users
/Justin/Desktop/Spring 2019/Multivariate-Stats/Assignment 52/QQBasL.png> <C:/Us
ers/Justin/Desktop/Spring 2019/Multivariate-Stats/Assignment 52/QQNasH.png>] [5
 <C:/Users/Justin/Desktop/Spring 2019/Multivariate-Stats/Assignment 52/5Chi.png
>]
("C:\Users\Justin\Desktop\Spring 2019\Multivariate-Stats\Assignment 52\Chapter 
5.aux") ) 
Here is how much of TeX's memory you used:
 3088 strings out of 493921
 41077 string characters out of 3147279
 106219 words of memory out of 3000000
 6346 multiletter control sequences out of 15000+200000
 5647 words of font info for 23 fonts, out of 3000000 for 9000
 841 hyphenation exceptions out of 8191
 27i,11n,43p,326b,482s stack positions out of 5000i,500n,10000p,200000b,50000s
<C:/Program Files/MiKTeX 2.9/fonts/type1/public/amsfonts/cm/cmbx10.pfb
><C:/Program Files/MiKTeX 2.9/fonts/type1/public/amsfonts/cm/cmex10.pfb><C:/Pro
gram Files/MiKTeX 2.9/fonts/type1/public/amsfonts/cm/cmmi10.pfb><C:/Program Fil
es/MiKTeX 2.9/fonts/type1/public/amsfonts/cm/cmmi7.pfb><C:/Program Files/MiKTeX
 2.9/fonts/type1/public/amsfonts/cm/cmr10.pfb><C:/Program Files/MiKTeX 2.9/font
s/type1/public/amsfonts/cm/cmr7.pfb><C:/Program Files/MiKTeX 2.9/fonts/type1/pu
blic/amsfonts/cm/cmsy10.pfb><C:/Program Files/MiKTeX 2.9/fonts/type1/public/ams
fonts/cm/cmsy7.pfb>
Output written on "Chapter 5.pdf" (5 pages, 174231 bytes).
PDF statistics:
 96 PDF objects out of 1000 (max. 8388607)
 0 named destinations out of 1000 (max. 500000)
 116 words of extra memory for PDF output out of 10000 (max. 10000000)

